Using pre-set license
Built from '2020.3/staging' branch; Version is '2020.3.24f1 (79c78de19888) revision 7980941'; Using compiler version '192528614'; Build Type 'Release'
OS: 'Windows 10  (10.0.19043) 64bit Professional' Language: 'de' Physical Memory: 16100 MB
BatchMode: 1, IsHumanControllingUs: 0, StartBugReporterOnCrash: 0, Is64bit: 1, IsPro: 0

COMMAND LINE ARGUMENTS:
C:\Program Files\Unity\Hub\Editor\2020.3.24f1\Editor\Unity.exe
-adb2
-batchMode
-noUpm
-name
AssetImportWorker0
-projectPath
C:/Users/marle/Documents/5. Semester/BP/Unity/BARobot env2
-logFile
Logs/AssetImportWorker0.log
-srvPort
61469
Successfully changed project path to: C:/Users/marle/Documents/5. Semester/BP/Unity/BARobot env2
C:/Users/marle/Documents/5. Semester/BP/Unity/BARobot env2
Using Asset Import Pipeline V2.
Refreshing native plugins compatible for Editor in 98.47 ms, found 13 plugins.
Preloading 1 native plugins for Editor in 0.97 ms.
Initialize engine version: 2020.3.24f1 (79c78de19888)
[Subsystems] Discovering subsystems at path C:/Program Files/Unity/Hub/Editor/2020.3.24f1/Editor/Data/Resources/UnitySubsystems
[Subsystems] Discovering subsystems at path C:/Users/marle/Documents/5. Semester/BP/Unity/BARobot env2/Assets
GfxDevice: creating device client; threaded=0
Direct3D:
    Version:  Direct3D 11.0 [level 11.1]
    Renderer: Intel(R) UHD Graphics 620 (ID=0x3ea0)
    Vendor:   
    VRAM:     8050 MB
    Driver:   27.20.100.8729
Initialize mono
Mono path[0] = 'C:/Program Files/Unity/Hub/Editor/2020.3.24f1/Editor/Data/Managed'
Mono path[1] = 'C:/Program Files/Unity/Hub/Editor/2020.3.24f1/Editor/Data/MonoBleedingEdge/lib/mono/unityjit'
Mono config path = 'C:/Program Files/Unity/Hub/Editor/2020.3.24f1/Editor/Data/MonoBleedingEdge/etc'
Using monoOptions --debugger-agent=transport=dt_socket,embedding=1,server=y,suspend=n,address=127.0.0.1:56808
Begin MonoManager ReloadAssembly
Registering precompiled unity dll's ...
Register platform support module: C:/Program Files/Unity/Hub/Editor/2020.3.24f1/Editor/Data/PlaybackEngines/WebGLSupport/UnityEditor.WebGL.Extensions.dll
Register platform support module: C:/Program Files/Unity/Hub/Editor/2020.3.24f1/Editor/Data/PlaybackEngines/WindowsStandaloneSupport/UnityEditor.WindowsStandalone.Extensions.dll
Registered in 0.003354 seconds.
Native extension for WindowsStandalone target not found
Native extension for WebGL target not found
Refreshing native plugins compatible for Editor in 95.89 ms, found 13 plugins.
Preloading 1 native plugins for Editor in 0.19 ms.
Mono: successfully reloaded assembly
- Completed reload, in  0.775 seconds
Domain Reload Profiling:
	ReloadAssembly (775ms)
		BeginReloadAssembly (67ms)
			ExecutionOrderSort (0ms)
			DisableScriptedObjects (0ms)
			BackupInstance (0ms)
			ReleaseScriptingObjects (0ms)
			CreateAndSetChildDomain (1ms)
		EndReloadAssembly (607ms)
			LoadAssemblies (65ms)
			RebuildTransferFunctionScriptingTraits (0ms)
			SetupTypeCache (197ms)
			ReleaseScriptCaches (0ms)
			RebuildScriptCaches (35ms)
			SetupLoadedEditorAssemblies (248ms)
				LogAssemblyErrors (0ms)
				InitializePlatformSupportModulesInManaged (6ms)
				SetLoadedEditorAssemblies (0ms)
				RefreshPlugins (96ms)
				BeforeProcessingInitializeOnLoad (18ms)
				ProcessInitializeOnLoadAttributes (98ms)
				ProcessInitializeOnLoadMethodAttributes (30ms)
				AfterProcessingInitializeOnLoad (0ms)
				EditorAssembliesLoaded (0ms)
			ExecutionOrderSort2 (0ms)
			AwakeInstancesAfterBackupRestoration (0ms)
Platform modules already initialized, skipping
Registering precompiled user dll's ...
Registered in 0.012730 seconds.
Begin MonoManager ReloadAssembly
Native extension for WindowsStandalone target not found
Native extension for WebGL target not found
Refreshing native plugins compatible for Editor in 82.91 ms, found 13 plugins.
Preloading 1 native plugins for Editor in 0.14 ms.
[XR] Error loading subsystem: Display (1) (header mismatch?)
Mono: successfully reloaded assembly
- Completed reload, in  2.845 seconds
Domain Reload Profiling:
	ReloadAssembly (2846ms)
		BeginReloadAssembly (179ms)
			ExecutionOrderSort (0ms)
			DisableScriptedObjects (6ms)
			BackupInstance (0ms)
			ReleaseScriptingObjects (0ms)
			CreateAndSetChildDomain (21ms)
		EndReloadAssembly (2580ms)
			LoadAssemblies (134ms)
			RebuildTransferFunctionScriptingTraits (0ms)
			SetupTypeCache (423ms)
			ReleaseScriptCaches (1ms)
			RebuildScriptCaches (74ms)
			SetupLoadedEditorAssemblies (1792ms)
				LogAssemblyErrors (0ms)
				InitializePlatformSupportModulesInManaged (5ms)
				SetLoadedEditorAssemblies (0ms)
				RefreshPlugins (83ms)
				BeforeProcessingInitializeOnLoad (149ms)
				ProcessInitializeOnLoadAttributes (812ms)
				ProcessInitializeOnLoadMethodAttributes (735ms)
				AfterProcessingInitializeOnLoad (8ms)
				EditorAssembliesLoaded (0ms)
			ExecutionOrderSort2 (0ms)
			AwakeInstancesAfterBackupRestoration (8ms)
Platform modules already initialized, skipping
========================================================================
Worker process is ready to serve import requests
Launched and connected shader compiler UnityShaderCompiler.exe after 0.10 seconds
Refreshing native plugins compatible for Editor in 1.22 ms, found 13 plugins.
Preloading 1 native plugins for Editor in 0.11 ms.
Unloading 3710 Unused Serialized files (Serialized files now loaded: 0)
System memory in use before: 166.3 MB.
System memory in use after: 165.7 MB.

Unloading 2021 unused Assets to reduce memory usage. Loaded Objects now: 3916.
Total: 11.106900 ms (FindLiveObjects: 0.619800 ms CreateObjectMapping: 0.316700 ms MarkObjects: 4.667700 ms  DeleteObjects: 5.500700 ms)

AssetImportParameters requested are different than current active one (requested -> active):
  custom:framework-win-MediaFoundation: 216162199b28c13a410421893ffa2e32 -> 
  custom:video-decoder-ogg-theora: a1e56fd34408186e4bbccfd4996cb3dc -> 
  custom:container-muxer-webm: aa71ff27fc2769a1b78a27578f13a17b -> 
  custom:container-demuxer-webm: 4f35f7cbe854078d1ac9338744f61a02 -> 
  custom:container-demuxer-ogg: 62fdf1f143b41e24485cea50d1cbac27 -> 
  custom:video-encoder-webm-vp8: eb34c28f22e8b96e1ab97ce403110664 -> 
  custom:video-codec-MediaFoundation-h265: 746d11721c4dcdbdad8f713fa42b33f4 -> 
  custom:video-decoder-webm-vp8: 9c59270c3fd7afecdb556c50c9e8de78 -> 
  custom:audio-decoder-ogg-vorbis: bf7c407c2cedff20999df2af8eb42d56 -> 
  custom:audio-encoder-webm-vorbis: bf7c407c2cedff20999df2af8eb42d56 -> 
========================================================================
Received Import Request.
  path: Assets/MRTK/SDK/Features/UX/Interactable/States/DefaultInteractableStates.asset
  artifactKey: Guid(5eac1712038236e4b8ffdb3893804fe1) Importer(815301076,1909f56bfc062723c751e8b465ee728b)
Start importing Assets/MRTK/SDK/Features/UX/Interactable/States/DefaultInteractableStates.asset using Guid(5eac1712038236e4b8ffdb3893804fe1) Importer(815301076,1909f56bfc062723c751e8b465ee728b)  -> (artifact id: 'ca58c0facccca3aca9ed413cd8cf38bf') in 0.053370 seconds 
  Import took 0.060182 seconds .

========================================================================
Received Import Request.
  Time since last request: 0.000321 seconds.
  path: Assets/MRTK/SDK/Features/UX/Interactable/States/FocusPressTouchGrabStates.asset
  artifactKey: Guid(e51893c8eb7938e4ba43985af43c0f72) Importer(815301076,1909f56bfc062723c751e8b465ee728b)
Start importing Assets/MRTK/SDK/Features/UX/Interactable/States/FocusPressTouchGrabStates.asset using Guid(e51893c8eb7938e4ba43985af43c0f72) Importer(815301076,1909f56bfc062723c751e8b465ee728b)  -> (artifact id: 'a5abd1c42208ca8baa2fd9c0e15246d0') in 0.010960 seconds 
  Import took 0.017938 seconds .

========================================================================
Received Import Request.
  Time since last request: 0.000260 seconds.
  path: Assets/MRTK/SDK/Features/UX/Interactable/States/HoloLensInteractableStates.asset
  artifactKey: Guid(2adb1a81e63716d4a904392a7ee65b16) Importer(815301076,1909f56bfc062723c751e8b465ee728b)
Start importing Assets/MRTK/SDK/Features/UX/Interactable/States/HoloLensInteractableStates.asset using Guid(2adb1a81e63716d4a904392a7ee65b16) Importer(815301076,1909f56bfc062723c751e8b465ee728b)  -> (artifact id: 'ceda60a6f90ecbe0e7c628cbc70b98f2') in 0.014848 seconds 
  Import took 0.025450 seconds .

========================================================================
Received Import Request.
  Time since last request: 0.000387 seconds.
  path: Assets/MRTK/SDK/Features/UX/Interactable/States/FocusInteractableStates.asset
  artifactKey: Guid(eea7cc35b9115d34595e51c5e4211c84) Importer(815301076,1909f56bfc062723c751e8b465ee728b)
Start importing Assets/MRTK/SDK/Features/UX/Interactable/States/FocusInteractableStates.asset using Guid(eea7cc35b9115d34595e51c5e4211c84) Importer(815301076,1909f56bfc062723c751e8b465ee728b)  -> (artifact id: 'a85fcdefe80741358b734e7f75ba31e0') in 0.012883 seconds 
  Import took 0.022239 seconds .

========================================================================
Received Import Request.
  Time since last request: 104.033909 seconds.
  path: Assets/MRTK/SDK/Features/UX/Interactable/Themes/AnimatorTheme.asset
  artifactKey: Guid(c786ef085bfd755409c87a7eadcbb450) Importer(815301076,1909f56bfc062723c751e8b465ee728b)
Start importing Assets/MRTK/SDK/Features/UX/Interactable/Themes/AnimatorTheme.asset using Guid(c786ef085bfd755409c87a7eadcbb450) Importer(815301076,1909f56bfc062723c751e8b465ee728b)  -> (artifact id: '97cb76192be2fcda80c9672b591e2600') in 0.014359 seconds 
  Import took 0.027238 seconds .

========================================================================
Received Import Request.
  Time since last request: 0.000325 seconds.
  path: Assets/MRTK/SDK/Features/UX/Interactable/Themes/ButtonBorders.asset
  artifactKey: Guid(b1ef68ffe69fad14a8d8401f7bd17db5) Importer(815301076,1909f56bfc062723c751e8b465ee728b)
Start importing Assets/MRTK/SDK/Features/UX/Interactable/Themes/ButtonBorders.asset using Guid(b1ef68ffe69fad14a8d8401f7bd17db5) Importer(815301076,1909f56bfc062723c751e8b465ee728b)  -> (artifact id: 'a058fa63fb4335c94900292bca85134b') in 0.013828 seconds 
  Import took 0.024668 seconds .

========================================================================
Received Import Request.
  Time since last request: 0.001022 seconds.
  path: Assets/MRTK/SDK/Features/UX/Interactable/Themes/AppBarButtonBackgroundTheme.asset
  artifactKey: Guid(42f40fd9294bfa041a76d7f4068ae3c2) Importer(815301076,1909f56bfc062723c751e8b465ee728b)
Start importing Assets/MRTK/SDK/Features/UX/Interactable/Themes/AppBarButtonBackgroundTheme.asset using Guid(42f40fd9294bfa041a76d7f4068ae3c2) Importer(815301076,1909f56bfc062723c751e8b465ee728b)  -> (artifact id: 'aa30a934c5279c7d56a64cbcd0117271') in 0.015109 seconds 
  Import took 0.029561 seconds .

========================================================================
Received Import Request.
  Time since last request: 0.000424 seconds.
  path: Assets/MRTK/SDK/Features/UX/Interactable/Themes/ButtonBackgroundSelected.asset
  artifactKey: Guid(435bbaee4d9763b4891ab39b7462ec31) Importer(815301076,1909f56bfc062723c751e8b465ee728b)
Start importing Assets/MRTK/SDK/Features/UX/Interactable/Themes/ButtonBackgroundSelected.asset using Guid(435bbaee4d9763b4891ab39b7462ec31) Importer(815301076,1909f56bfc062723c751e8b465ee728b)  -> (artifact id: '92de74efa4852f9ddf7d3bcdb8771b77') in 0.017175 seconds 
  Import took 0.028727 seconds .

========================================================================
Received Import Request.
  Time since last request: 0.000384 seconds.
  path: Assets/MRTK/SDK/Features/UX/Interactable/Themes/balloonTheme.asset
  artifactKey: Guid(ce58007a668e3214abb10622861eb3aa) Importer(815301076,1909f56bfc062723c751e8b465ee728b)
Start importing Assets/MRTK/SDK/Features/UX/Interactable/Themes/balloonTheme.asset using Guid(ce58007a668e3214abb10622861eb3aa) Importer(815301076,1909f56bfc062723c751e8b465ee728b)  -> (artifact id: 'e07c6155233ee4b2a2072a68b91cfa83') in 0.010413 seconds 
  Import took 0.022590 seconds .

========================================================================
Received Import Request.
  Time since last request: 0.000355 seconds.
  path: Assets/MRTK/SDK/Features/UX/Interactable/Themes/ButtonBackground.asset
  artifactKey: Guid(61962e4d95d843842bb2dee96b41da6c) Importer(815301076,1909f56bfc062723c751e8b465ee728b)
Start importing Assets/MRTK/SDK/Features/UX/Interactable/Themes/ButtonBackground.asset using Guid(61962e4d95d843842bb2dee96b41da6c) Importer(815301076,1909f56bfc062723c751e8b465ee728b)  -> (artifact id: '98658fbc0eb3f34834422e5c101bb9f8') in 0.013680 seconds 
  Import took 0.025267 seconds .

========================================================================
Received Import Request.
  Time since last request: 0.000373 seconds.
  path: Assets/MRTK/SDK/Features/UX/Interactable/Themes/AppBarButtonTextTheme.asset
  artifactKey: Guid(8e13c3fe1aec7be428a1f6be54b08d56) Importer(815301076,1909f56bfc062723c751e8b465ee728b)
Start importing Assets/MRTK/SDK/Features/UX/Interactable/Themes/AppBarButtonTextTheme.asset using Guid(8e13c3fe1aec7be428a1f6be54b08d56) Importer(815301076,1909f56bfc062723c751e8b465ee728b)  -> (artifact id: 'f3b77ed2961b25748614b85792cff6ca') in 0.013151 seconds 
  Import took 0.024175 seconds .

========================================================================
Received Import Request.
  Time since last request: 0.000298 seconds.
  path: Assets/MRTK/SDK/Features/UX/Interactable/Themes/AppBarButtonIconTheme.asset
  artifactKey: Guid(60e63f25f69f72a4d9e322c210e715bf) Importer(815301076,1909f56bfc062723c751e8b465ee728b)
Start importing Assets/MRTK/SDK/Features/UX/Interactable/Themes/AppBarButtonIconTheme.asset using Guid(60e63f25f69f72a4d9e322c210e715bf) Importer(815301076,1909f56bfc062723c751e8b465ee728b)  -> (artifact id: '73aa9fb52b5caed148bbd94a98a908e3') in 0.015017 seconds 
  Import took 0.024531 seconds .

========================================================================
Received Import Request.
  Time since last request: 4.501351 seconds.
  path: Assets/MRTK/SDK/Features/UX/Interactable/Themes/ButtonBordersSelected.asset
  artifactKey: Guid(6309da53723ca964fa65893eb0df5b4e) Importer(815301076,1909f56bfc062723c751e8b465ee728b)
Start importing Assets/MRTK/SDK/Features/UX/Interactable/Themes/ButtonBordersSelected.asset using Guid(6309da53723ca964fa65893eb0df5b4e) Importer(815301076,1909f56bfc062723c751e8b465ee728b)  -> (artifact id: '2e62182461b4cff1424ae25296f4365f') in 0.013111 seconds 
  Import took 0.032978 seconds .

========================================================================
Received Import Request.
  Time since last request: 0.000503 seconds.
  path: Assets/MRTK/SDK/Features/UX/Interactable/Themes/ButtonLabel.asset
  artifactKey: Guid(210ecfb82b9f09c4d835184cd0034155) Importer(815301076,1909f56bfc062723c751e8b465ee728b)
Start importing Assets/MRTK/SDK/Features/UX/Interactable/Themes/ButtonLabel.asset using Guid(210ecfb82b9f09c4d835184cd0034155) Importer(815301076,1909f56bfc062723c751e8b465ee728b)  -> (artifact id: '5323be2c6945a466c93916efc1256d06') in 0.011661 seconds 
  Import took 0.021258 seconds .

========================================================================
Received Import Request.
  Time since last request: 0.591433 seconds.
  path: Assets/MRTK/SDK/Features/UX/Interactable/Themes/ButtonLabelColor.asset
  artifactKey: Guid(afb9a653b3359b345aeb3ab2e0479189) Importer(815301076,1909f56bfc062723c751e8b465ee728b)
Start importing Assets/MRTK/SDK/Features/UX/Interactable/Themes/ButtonLabelColor.asset using Guid(afb9a653b3359b345aeb3ab2e0479189) Importer(815301076,1909f56bfc062723c751e8b465ee728b)  -> (artifact id: '67015d90641566ad8c9feeec74811120') in 0.010297 seconds 
  Import took 0.029809 seconds .

========================================================================
Received Import Request.
  Time since last request: 0.000338 seconds.
  path: Assets/MRTK/SDK/Features/UX/Interactable/Themes/ButtonLabelSelected.asset
  artifactKey: Guid(689bdf5999aa8014694da2cb1c1c1a27) Importer(815301076,1909f56bfc062723c751e8b465ee728b)
Start importing Assets/MRTK/SDK/Features/UX/Interactable/Themes/ButtonLabelSelected.asset using Guid(689bdf5999aa8014694da2cb1c1c1a27) Importer(815301076,1909f56bfc062723c751e8b465ee728b)  -> (artifact id: '325ce37a9398df1c3b78b4bd6f15dc72') in 0.014333 seconds 
  Import took 0.024050 seconds .

========================================================================
Received Import Request.
  Time since last request: 1.828190 seconds.
  path: Assets/MRTK/SDK/Features/UX/Interactable/Themes/CheeseTheme.asset
  artifactKey: Guid(1872be27ce323c54f93896976d90d5c4) Importer(815301076,1909f56bfc062723c751e8b465ee728b)
Start importing Assets/MRTK/SDK/Features/UX/Interactable/Themes/CheeseTheme.asset using Guid(1872be27ce323c54f93896976d90d5c4) Importer(815301076,1909f56bfc062723c751e8b465ee728b)  -> (artifact id: '0254c8da1f2077f466e594788c2d688d') in 0.011177 seconds 
  Import took 0.030999 seconds .

========================================================================
Received Import Request.
  Time since last request: 0.000316 seconds.
  path: Assets/MRTK/SDK/Features/UX/Interactable/Themes/CoffeeTheme.asset
  artifactKey: Guid(db76f3ab99da0ec48ba3c57db801718d) Importer(815301076,1909f56bfc062723c751e8b465ee728b)
Start importing Assets/MRTK/SDK/Features/UX/Interactable/Themes/CoffeeTheme.asset using Guid(db76f3ab99da0ec48ba3c57db801718d) Importer(815301076,1909f56bfc062723c751e8b465ee728b)  -> (artifact id: 'f626333ce6b30f7559791e2a1904deb0') in 0.013598 seconds 
  Import took 0.024033 seconds .

========================================================================
Received Import Request.
  Time since last request: 1.381083 seconds.
  path: Assets/MRTK/SDK/Features/UX/Interactable/Themes/CylinderTheme.asset
  artifactKey: Guid(747264624b7f3934b8b507fdb1a20e51) Importer(815301076,1909f56bfc062723c751e8b465ee728b)
Start importing Assets/MRTK/SDK/Features/UX/Interactable/Themes/CylinderTheme.asset using Guid(747264624b7f3934b8b507fdb1a20e51) Importer(815301076,1909f56bfc062723c751e8b465ee728b)  -> (artifact id: '396631bd82f0ca11c2742941f90f8669') in 0.010663 seconds 
  Import took 0.028522 seconds .

========================================================================
Received Import Request.
  Time since last request: 0.000310 seconds.
  path: Assets/MRTK/SDK/Features/UX/Interactable/Themes/DefaultTheme.asset
  artifactKey: Guid(34927bf1a1259e141a45f1dedff98d7f) Importer(815301076,1909f56bfc062723c751e8b465ee728b)
Start importing Assets/MRTK/SDK/Features/UX/Interactable/Themes/DefaultTheme.asset using Guid(34927bf1a1259e141a45f1dedff98d7f) Importer(815301076,1909f56bfc062723c751e8b465ee728b)  -> (artifact id: 'f5a434f5aeb1bfad0585dd8df5acb986') in 0.013754 seconds 
  Import took 0.023700 seconds .

========================================================================
Received Import Request.
  Time since last request: 0.631209 seconds.
  path: Assets/MRTK/SDK/Features/UX/Interactable/Themes/FocusExampleTheme.asset
  artifactKey: Guid(6ffa0307dbfc76b469796e25996e5b50) Importer(815301076,1909f56bfc062723c751e8b465ee728b)
Start importing Assets/MRTK/SDK/Features/UX/Interactable/Themes/FocusExampleTheme.asset using Guid(6ffa0307dbfc76b469796e25996e5b50) Importer(815301076,1909f56bfc062723c751e8b465ee728b)  -> (artifact id: 'aa71e13324395e2f162ccf8c6b2a02ea') in 0.010583 seconds 
  Import took 0.029825 seconds .

========================================================================
Received Import Request.
  Time since last request: 0.000285 seconds.
  path: Assets/MRTK/SDK/Features/UX/Interactable/Themes/FocusPressTouchGrabTheme.asset
  artifactKey: Guid(5a9046122178b1d4b89a6483b9b6c34e) Importer(815301076,1909f56bfc062723c751e8b465ee728b)
Start importing Assets/MRTK/SDK/Features/UX/Interactable/Themes/FocusPressTouchGrabTheme.asset using Guid(5a9046122178b1d4b89a6483b9b6c34e) Importer(815301076,1909f56bfc062723c751e8b465ee728b)  -> (artifact id: 'c5fde8ca8b5933a819d474966075623e') in 0.014004 seconds 
  Import took 0.023044 seconds .

========================================================================
Received Import Request.
  Time since last request: 0.049943 seconds.
  path: Assets/MRTK/SDK/Features/UX/Interactable/Themes/GrabColorChildren.asset
  artifactKey: Guid(d7354f15f868b394f9c15dc5c1209056) Importer(815301076,1909f56bfc062723c751e8b465ee728b)
Start importing Assets/MRTK/SDK/Features/UX/Interactable/Themes/GrabColorChildren.asset using Guid(d7354f15f868b394f9c15dc5c1209056) Importer(815301076,1909f56bfc062723c751e8b465ee728b)  -> (artifact id: 'f872a3483f1b88465c1235654fb1b7c0') in 0.015331 seconds 
  Import took 0.026649 seconds .

========================================================================
Received Import Request.
  Time since last request: 0.000373 seconds.
  path: Assets/MRTK/SDK/Features/UX/Interactable/Themes/GrabScaleTheme.asset
  artifactKey: Guid(d5acbeaf80ef1244bbf7ec3a5ab9de10) Importer(815301076,1909f56bfc062723c751e8b465ee728b)
Start importing Assets/MRTK/SDK/Features/UX/Interactable/Themes/GrabScaleTheme.asset using Guid(d5acbeaf80ef1244bbf7ec3a5ab9de10) Importer(815301076,1909f56bfc062723c751e8b465ee728b)  -> (artifact id: '48c0cba2f43c2fad49ae70ebbd5c6105') in 0.012268 seconds 
  Import took 0.020548 seconds .

========================================================================
Received Prepare
Registering precompiled user dll's ...
Registered in 0.018790 seconds.
Begin MonoManager ReloadAssembly
Native extension for WindowsStandalone target not found
Native extension for WebGL target not found
Refreshing native plugins compatible for Editor in 4.10 ms, found 13 plugins.
Preloading 1 native plugins for Editor in 0.26 ms.
Mono: successfully reloaded assembly
- Completed reload, in  7.511 seconds
Domain Reload Profiling:
	ReloadAssembly (7513ms)
		BeginReloadAssembly (584ms)
			ExecutionOrderSort (0ms)
			DisableScriptedObjects (21ms)
			BackupInstance (0ms)
			ReleaseScriptingObjects (1ms)
			CreateAndSetChildDomain (220ms)
		EndReloadAssembly (6594ms)
			LoadAssemblies (488ms)
			RebuildTransferFunctionScriptingTraits (0ms)
			SetupTypeCache (1768ms)
			ReleaseScriptCaches (8ms)
			RebuildScriptCaches (363ms)
			SetupLoadedEditorAssemblies (3468ms)
				LogAssemblyErrors (0ms)
				InitializePlatformSupportModulesInManaged (26ms)
				SetLoadedEditorAssemblies (2ms)
				RefreshPlugins (4ms)
				BeforeProcessingInitializeOnLoad (548ms)
				ProcessInitializeOnLoadAttributes (1798ms)
				ProcessInitializeOnLoadMethodAttributes (1080ms)
				AfterProcessingInitializeOnLoad (8ms)
				EditorAssembliesLoaded (0ms)
			ExecutionOrderSort2 (0ms)
			AwakeInstancesAfterBackupRestoration (15ms)
Platform modules already initialized, skipping
Refreshing native plugins compatible for Editor in 1.34 ms, found 13 plugins.
Preloading 1 native plugins for Editor in 0.14 ms.
Unloading 3663 Unused Serialized files (Serialized files now loaded: 0)
System memory in use before: 166.1 MB.
System memory in use after: 165.5 MB.

Unloading 2198 unused Assets to reduce memory usage. Loaded Objects now: 3919.
Total: 10.319700 ms (FindLiveObjects: 0.636000 ms CreateObjectMapping: 0.375200 ms MarkObjects: 4.545200 ms  DeleteObjects: 4.759100 ms)

AssetImportParameters requested are different than current active one (requested -> active):
  custom:framework-win-MediaFoundation: 216162199b28c13a410421893ffa2e32 -> 
  custom:video-decoder-ogg-theora: a1e56fd34408186e4bbccfd4996cb3dc -> 
  custom:container-muxer-webm: aa71ff27fc2769a1b78a27578f13a17b -> 
  custom:container-demuxer-webm: 4f35f7cbe854078d1ac9338744f61a02 -> 
  custom:container-demuxer-ogg: 62fdf1f143b41e24485cea50d1cbac27 -> 
  custom:video-encoder-webm-vp8: eb34c28f22e8b96e1ab97ce403110664 -> 
  custom:video-codec-MediaFoundation-h265: 746d11721c4dcdbdad8f713fa42b33f4 -> 
  custom:video-decoder-webm-vp8: 9c59270c3fd7afecdb556c50c9e8de78 -> 
  custom:audio-decoder-ogg-vorbis: bf7c407c2cedff20999df2af8eb42d56 -> 
  custom:audio-encoder-webm-vorbis: bf7c407c2cedff20999df2af8eb42d56 -> 
========================================================================
Received Prepare
Registering precompiled user dll's ...
Registered in 0.016623 seconds.
Begin MonoManager ReloadAssembly
Native extension for WindowsStandalone target not found
Native extension for WebGL target not found
Refreshing native plugins compatible for Editor in 1.17 ms, found 13 plugins.
Preloading 1 native plugins for Editor in 0.14 ms.
Mono: successfully reloaded assembly
- Completed reload, in  2.759 seconds
Domain Reload Profiling:
	ReloadAssembly (2759ms)
		BeginReloadAssembly (181ms)
			ExecutionOrderSort (0ms)
			DisableScriptedObjects (6ms)
			BackupInstance (0ms)
			ReleaseScriptingObjects (0ms)
			CreateAndSetChildDomain (58ms)
		EndReloadAssembly (2468ms)
			LoadAssemblies (175ms)
			RebuildTransferFunctionScriptingTraits (0ms)
			SetupTypeCache (460ms)
			ReleaseScriptCaches (2ms)
			RebuildScriptCaches (87ms)
			SetupLoadedEditorAssemblies (1587ms)
				LogAssemblyErrors (0ms)
				InitializePlatformSupportModulesInManaged (8ms)
				SetLoadedEditorAssemblies (1ms)
				RefreshPlugins (1ms)
				BeforeProcessingInitializeOnLoad (155ms)
				ProcessInitializeOnLoadAttributes (631ms)
				ProcessInitializeOnLoadMethodAttributes (782ms)
				AfterProcessingInitializeOnLoad (9ms)
				EditorAssembliesLoaded (0ms)
			ExecutionOrderSort2 (0ms)
			AwakeInstancesAfterBackupRestoration (13ms)
Platform modules already initialized, skipping
Refreshing native plugins compatible for Editor in 1.02 ms, found 13 plugins.
Preloading 1 native plugins for Editor in 0.10 ms.
Unloading 3663 Unused Serialized files (Serialized files now loaded: 0)
System memory in use before: 166.2 MB.
System memory in use after: 165.6 MB.

Unloading 2198 unused Assets to reduce memory usage. Loaded Objects now: 3922.
Total: 9.164600 ms (FindLiveObjects: 0.599400 ms CreateObjectMapping: 0.369200 ms MarkObjects: 3.747200 ms  DeleteObjects: 4.447200 ms)

AssetImportParameters requested are different than current active one (requested -> active):
  custom:framework-win-MediaFoundation: 216162199b28c13a410421893ffa2e32 -> 
  custom:video-decoder-ogg-theora: a1e56fd34408186e4bbccfd4996cb3dc -> 
  custom:container-muxer-webm: aa71ff27fc2769a1b78a27578f13a17b -> 
  custom:container-demuxer-webm: 4f35f7cbe854078d1ac9338744f61a02 -> 
  custom:container-demuxer-ogg: 62fdf1f143b41e24485cea50d1cbac27 -> 
  custom:video-encoder-webm-vp8: eb34c28f22e8b96e1ab97ce403110664 -> 
  custom:video-codec-MediaFoundation-h265: 746d11721c4dcdbdad8f713fa42b33f4 -> 
  custom:video-decoder-webm-vp8: 9c59270c3fd7afecdb556c50c9e8de78 -> 
  custom:audio-decoder-ogg-vorbis: bf7c407c2cedff20999df2af8eb42d56 -> 
  custom:audio-encoder-webm-vorbis: bf7c407c2cedff20999df2af8eb42d56 -> 
========================================================================
Received Import Request.
  Time since last request: 9008.946579 seconds.
  path: Assets/MRTK/SDK/StandardAssets/Prefabs/Text/3DTextSelawik.prefab
  artifactKey: Guid(2d145caa42b44bd42aac79a42eba3d7c) Importer(815301076,1909f56bfc062723c751e8b465ee728b)
Start importing Assets/MRTK/SDK/StandardAssets/Prefabs/Text/3DTextSelawik.prefab using Guid(2d145caa42b44bd42aac79a42eba3d7c) Importer(815301076,1909f56bfc062723c751e8b465ee728b)  -> (artifact id: '8ae4fba2025df8e7043f6958d74fcb06') in 0.649672 seconds 
  Import took 1.027950 seconds .

========================================================================
Received Import Request.
  Time since last request: 0.000287 seconds.
  path: Assets/MRTK/SDK/StandardAssets/Prefabs/Text/3DTextSelawikSemibold.prefab
  artifactKey: Guid(29877fc622b4aaa46b04a0a7c1cfcdb8) Importer(815301076,1909f56bfc062723c751e8b465ee728b)
Start importing Assets/MRTK/SDK/StandardAssets/Prefabs/Text/3DTextSelawikSemibold.prefab using Guid(29877fc622b4aaa46b04a0a7c1cfcdb8) Importer(815301076,1909f56bfc062723c751e8b465ee728b)  -> (artifact id: 'fefc985613e2c96c043c4cb268f11f16') in 0.059481 seconds 
  Import took 0.103111 seconds .

========================================================================
Received Import Request.
  Time since last request: 0.001614 seconds.
  path: Assets/MRTK/SDK/StandardAssets/Prefabs/Text/3DTextSelawikLight.prefab
  artifactKey: Guid(670aca8db3bb6294581d6493f3e32380) Importer(815301076,1909f56bfc062723c751e8b465ee728b)
Start importing Assets/MRTK/SDK/StandardAssets/Prefabs/Text/3DTextSelawikLight.prefab using Guid(670aca8db3bb6294581d6493f3e32380) Importer(815301076,1909f56bfc062723c751e8b465ee728b)  -> (artifact id: '4611cf2968b4f2b4179e436b214174f9') in 0.068984 seconds 
  Import took 0.104936 seconds .

========================================================================
Received Import Request.
  Time since last request: 0.000324 seconds.
  path: Assets/MRTK/SDK/StandardAssets/Prefabs/Text/3DTextSelawikBold.prefab
  artifactKey: Guid(f6038dfbe1e1bd14dac07b1405ccda54) Importer(815301076,1909f56bfc062723c751e8b465ee728b)
Start importing Assets/MRTK/SDK/StandardAssets/Prefabs/Text/3DTextSelawikBold.prefab using Guid(f6038dfbe1e1bd14dac07b1405ccda54) Importer(815301076,1909f56bfc062723c751e8b465ee728b)  -> (artifact id: '83610a28055b549015ca55844b529875') in 0.059315 seconds 
  Import took 0.081114 seconds .

========================================================================
Received Import Request.
  Time since last request: 0.000345 seconds.
  path: Assets/MRTK/SDK/StandardAssets/Prefabs/Text/3DTextSelawikSemilight.prefab
  artifactKey: Guid(e765e6ff063d7a54c8f7efa4da96fb52) Importer(815301076,1909f56bfc062723c751e8b465ee728b)
Start importing Assets/MRTK/SDK/StandardAssets/Prefabs/Text/3DTextSelawikSemilight.prefab using Guid(e765e6ff063d7a54c8f7efa4da96fb52) Importer(815301076,1909f56bfc062723c751e8b465ee728b)  -> (artifact id: '9e17d203b7b4296ae8c2a1d1d68a1a71') in 0.069936 seconds 
  Import took 0.107933 seconds .

========================================================================
Received Import Request.
  Time since last request: 6.078662 seconds.
  path: Assets/MRTK/SDK/StandardAssets/Prefabs/Text/UITextSelawik.prefab
  artifactKey: Guid(df8fcda444f30864dadb44d21f057e61) Importer(815301076,1909f56bfc062723c751e8b465ee728b)
Start importing Assets/MRTK/SDK/StandardAssets/Prefabs/Text/UITextSelawik.prefab using Guid(df8fcda444f30864dadb44d21f057e61) Importer(815301076,1909f56bfc062723c751e8b465ee728b)  -> (artifact id: 'd99be05b745f50310e9be5859264c634') in 0.097960 seconds 
  Import took 0.120483 seconds .

========================================================================
Received Import Request.
  Time since last request: 0.001757 seconds.
  path: Assets/MRTK/SDK/StandardAssets/Prefabs/Text/UITextSelawikLight.prefab
  artifactKey: Guid(30adaec244b8c8949bd5aa7a6b642663) Importer(815301076,1909f56bfc062723c751e8b465ee728b)
Start importing Assets/MRTK/SDK/StandardAssets/Prefabs/Text/UITextSelawikLight.prefab using Guid(30adaec244b8c8949bd5aa7a6b642663) Importer(815301076,1909f56bfc062723c751e8b465ee728b)  -> (artifact id: 'd90a063cc7c2ccd930933c543052454c') in 0.059805 seconds 
  Import took 0.100179 seconds .

========================================================================
Received Import Request.
  Time since last request: 0.000382 seconds.
  path: Assets/MRTK/SDK/StandardAssets/Prefabs/Text/UITextSelawikSemilight.prefab
  artifactKey: Guid(2368ebf887d15654b9c093ac1a4f378e) Importer(815301076,1909f56bfc062723c751e8b465ee728b)
Start importing Assets/MRTK/SDK/StandardAssets/Prefabs/Text/UITextSelawikSemilight.prefab using Guid(2368ebf887d15654b9c093ac1a4f378e) Importer(815301076,1909f56bfc062723c751e8b465ee728b)  -> (artifact id: '39e306d230dbea19e4e1efb1829c6ceb') in 0.070548 seconds 
  Import took 0.079562 seconds .

========================================================================
Received Import Request.
  Time since last request: 0.000307 seconds.
  path: Assets/MRTK/SDK/StandardAssets/Prefabs/Text/UITextSelawikBold.prefab
  artifactKey: Guid(c5337f2ec5db84a468cfc45ab910bef4) Importer(815301076,1909f56bfc062723c751e8b465ee728b)
Start importing Assets/MRTK/SDK/StandardAssets/Prefabs/Text/UITextSelawikBold.prefab using Guid(c5337f2ec5db84a468cfc45ab910bef4) Importer(815301076,1909f56bfc062723c751e8b465ee728b)  -> (artifact id: 'dbe86b4d0f683ea55b909b6616c15824') in 0.056667 seconds 
  Import took 0.073637 seconds .

========================================================================
Received Import Request.
  Time since last request: 0.001386 seconds.
  path: Assets/MRTK/SDK/StandardAssets/Prefabs/Text/UITextSelawikSemibold.prefab
  artifactKey: Guid(49decb0e244f5d44bb735bcc4ebf67a5) Importer(815301076,1909f56bfc062723c751e8b465ee728b)
Start importing Assets/MRTK/SDK/StandardAssets/Prefabs/Text/UITextSelawikSemibold.prefab using Guid(49decb0e244f5d44bb735bcc4ebf67a5) Importer(815301076,1909f56bfc062723c751e8b465ee728b)  -> (artifact id: '423a55d4242af90ab7d2586d9ea335c7') in 0.056653 seconds 
  Import took 0.089342 seconds .

========================================================================
Received Import Request.
  Time since last request: 1848.507309 seconds.
  path: Assets/MixedRealityToolkit.Generated/ProjectPreferences.asset
  artifactKey: Guid(c754b3f073d817742acbc96939de86a7) Importer(815301076,1909f56bfc062723c751e8b465ee728b)
Start importing Assets/MixedRealityToolkit.Generated/ProjectPreferences.asset using Guid(c754b3f073d817742acbc96939de86a7) Importer(815301076,1909f56bfc062723c751e8b465ee728b)  -> (artifact id: 'd8d631c283d18d5ff41d9bf1ee40d5e4') in 0.023735 seconds 
  Import took 0.070677 seconds .

========================================================================
Received Import Request.
  Time since last request: 49.338937 seconds.
  path: Assets/MRTK/SDK/Features/UX/Interactable/Scripts
  artifactKey: Guid(9379a4de6fb79dc4bb32013ae605a9ed) Importer(815301076,1909f56bfc062723c751e8b465ee728b)
Start importing Assets/MRTK/SDK/Features/UX/Interactable/Scripts using Guid(9379a4de6fb79dc4bb32013ae605a9ed) Importer(815301076,1909f56bfc062723c751e8b465ee728b)  -> (artifact id: '2d792e71d2f5492f220977dcc4563794') in 0.064667 seconds 
  Import took 0.102807 seconds .

========================================================================
Received Import Request.
  Time since last request: 12.829461 seconds.
  path: Assets/MRTK/SDK/Features/UX/Interactable/Scripts/Interactable.cs
  artifactKey: Guid(1410eac1ae94b4d4492a09cc368e152c) Importer(815301076,1909f56bfc062723c751e8b465ee728b)
Start importing Assets/MRTK/SDK/Features/UX/Interactable/Scripts/Interactable.cs using Guid(1410eac1ae94b4d4492a09cc368e152c) Importer(815301076,1909f56bfc062723c751e8b465ee728b)  -> (artifact id: '74db72faa442c77123ea2ad1edd7166c') in 0.052137 seconds 
  Import took 0.065306 seconds .

========================================================================
Received Import Request.
  Time since last request: 3.181040 seconds.
  path: Assets/MRTK/SDK/Features/UX/Interactable/Scripts/InteractableToggleCollection.cs
  artifactKey: Guid(8adeb8b21c6d120408d0aea984f6b26d) Importer(815301076,1909f56bfc062723c751e8b465ee728b)
Start importing Assets/MRTK/SDK/Features/UX/Interactable/Scripts/InteractableToggleCollection.cs using Guid(8adeb8b21c6d120408d0aea984f6b26d) Importer(815301076,1909f56bfc062723c751e8b465ee728b)  -> (artifact id: '79d14672710229303402399afec01f9e') in 0.037217 seconds 
  Import took 0.082700 seconds .

========================================================================
Received Prepare
Registering precompiled user dll's ...
Registered in 3.956016 seconds.
Begin MonoManager ReloadAssembly
Native extension for WindowsStandalone target not found
Native extension for WebGL target not found
Refreshing native plugins compatible for Editor in 1.85 ms, found 13 plugins.
Preloading 1 native plugins for Editor in 0.17 ms.
Mono: successfully reloaded assembly
- Completed reload, in 15.789 seconds
Domain Reload Profiling:
	ReloadAssembly (15791ms)
		BeginReloadAssembly (524ms)
			ExecutionOrderSort (0ms)
			DisableScriptedObjects (15ms)
			BackupInstance (0ms)
			ReleaseScriptingObjects (2ms)
			CreateAndSetChildDomain (244ms)
		EndReloadAssembly (15183ms)
			LoadAssemblies (152ms)
			RebuildTransferFunctionScriptingTraits (0ms)
			SetupTypeCache (469ms)
			ReleaseScriptCaches (3ms)
			RebuildScriptCaches (95ms)
			SetupLoadedEditorAssemblies (14089ms)
				LogAssemblyErrors (0ms)
				InitializePlatformSupportModulesInManaged (9ms)
				SetLoadedEditorAssemblies (1ms)
				RefreshPlugins (2ms)
				BeforeProcessingInitializeOnLoad (590ms)
				ProcessInitializeOnLoadAttributes (1266ms)
				ProcessInitializeOnLoadMethodAttributes (12181ms)
				AfterProcessingInitializeOnLoad (39ms)
				EditorAssembliesLoaded (0ms)
			ExecutionOrderSort2 (0ms)
			AwakeInstancesAfterBackupRestoration (80ms)
Platform modules already initialized, skipping
Refreshing native plugins compatible for Editor in 1.54 ms, found 13 plugins.
Preloading 1 native plugins for Editor in 0.13 ms.
Unloading 3663 Unused Serialized files (Serialized files now loaded: 0)
System memory in use before: 166.4 MB.
System memory in use after: 165.8 MB.

Unloading 2198 unused Assets to reduce memory usage. Loaded Objects now: 3925.
Total: 94.531700 ms (FindLiveObjects: 2.629300 ms CreateObjectMapping: 2.266400 ms MarkObjects: 29.641000 ms  DeleteObjects: 59.982000 ms)

AssetImportParameters requested are different than current active one (requested -> active):
  custom:framework-win-MediaFoundation: 216162199b28c13a410421893ffa2e32 -> 
  custom:video-decoder-ogg-theora: a1e56fd34408186e4bbccfd4996cb3dc -> 
  custom:container-muxer-webm: aa71ff27fc2769a1b78a27578f13a17b -> 
  custom:container-demuxer-webm: 4f35f7cbe854078d1ac9338744f61a02 -> 
  custom:container-demuxer-ogg: 62fdf1f143b41e24485cea50d1cbac27 -> 
  custom:video-encoder-webm-vp8: eb34c28f22e8b96e1ab97ce403110664 -> 
  custom:video-codec-MediaFoundation-h265: 746d11721c4dcdbdad8f713fa42b33f4 -> 
  custom:video-decoder-webm-vp8: 9c59270c3fd7afecdb556c50c9e8de78 -> 
  custom:audio-decoder-ogg-vorbis: bf7c407c2cedff20999df2af8eb42d56 -> 
  custom:audio-encoder-webm-vorbis: bf7c407c2cedff20999df2af8eb42d56 -> 
========================================================================
Received Prepare
Registering precompiled user dll's ...
Registered in 0.058655 seconds.
Begin MonoManager ReloadAssembly
Native extension for WindowsStandalone target not found
Native extension for WebGL target not found
Refreshing native plugins compatible for Editor in 1.57 ms, found 13 plugins.
Preloading 1 native plugins for Editor in 0.17 ms.
Mono: successfully reloaded assembly
- Completed reload, in  6.938 seconds
Domain Reload Profiling:
	ReloadAssembly (6939ms)
		BeginReloadAssembly (521ms)
			ExecutionOrderSort (0ms)
			DisableScriptedObjects (46ms)
			BackupInstance (0ms)
			ReleaseScriptingObjects (0ms)
			CreateAndSetChildDomain (193ms)
		EndReloadAssembly (6108ms)
			LoadAssemblies (626ms)
			RebuildTransferFunctionScriptingTraits (0ms)
			SetupTypeCache (901ms)
			ReleaseScriptCaches (3ms)
			RebuildScriptCaches (408ms)
			SetupLoadedEditorAssemblies (3683ms)
				LogAssemblyErrors (0ms)
				InitializePlatformSupportModulesInManaged (16ms)
				SetLoadedEditorAssemblies (1ms)
				RefreshPlugins (2ms)
				BeforeProcessingInitializeOnLoad (307ms)
				ProcessInitializeOnLoadAttributes (1656ms)
				ProcessInitializeOnLoadMethodAttributes (1691ms)
				AfterProcessingInitializeOnLoad (10ms)
				EditorAssembliesLoaded (0ms)
			ExecutionOrderSort2 (0ms)
			AwakeInstancesAfterBackupRestoration (13ms)
Platform modules already initialized, skipping
Refreshing native plugins compatible for Editor in 9.99 ms, found 13 plugins.
Preloading 1 native plugins for Editor in 0.99 ms.
Unloading 3663 Unused Serialized files (Serialized files now loaded: 0)
System memory in use before: 166.4 MB.
System memory in use after: 165.8 MB.

Unloading 2198 unused Assets to reduce memory usage. Loaded Objects now: 3928.
Total: 63.467200 ms (FindLiveObjects: 3.768300 ms CreateObjectMapping: 2.473100 ms MarkObjects: 31.241000 ms  DeleteObjects: 25.973000 ms)

AssetImportParameters requested are different than current active one (requested -> active):
  custom:framework-win-MediaFoundation: 216162199b28c13a410421893ffa2e32 -> 
  custom:video-decoder-ogg-theora: a1e56fd34408186e4bbccfd4996cb3dc -> 
  custom:container-muxer-webm: aa71ff27fc2769a1b78a27578f13a17b -> 
  custom:container-demuxer-webm: 4f35f7cbe854078d1ac9338744f61a02 -> 
  custom:container-demuxer-ogg: 62fdf1f143b41e24485cea50d1cbac27 -> 
  custom:video-encoder-webm-vp8: eb34c28f22e8b96e1ab97ce403110664 -> 
  custom:video-codec-MediaFoundation-h265: 746d11721c4dcdbdad8f713fa42b33f4 -> 
  custom:video-decoder-webm-vp8: 9c59270c3fd7afecdb556c50c9e8de78 -> 
  custom:audio-decoder-ogg-vorbis: bf7c407c2cedff20999df2af8eb42d56 -> 
  custom:audio-encoder-webm-vorbis: bf7c407c2cedff20999df2af8eb42d56 -> 
========================================================================
Received Prepare
Registering precompiled user dll's ...
Registered in 0.067678 seconds.
Begin MonoManager ReloadAssembly
Native extension for WindowsStandalone target not found
Native extension for WebGL target not found
Refreshing native plugins compatible for Editor in 2.12 ms, found 13 plugins.
Preloading 1 native plugins for Editor in 0.15 ms.
Mono: successfully reloaded assembly
- Completed reload, in 10.356 seconds
Domain Reload Profiling:
	ReloadAssembly (10356ms)
		BeginReloadAssembly (202ms)
			ExecutionOrderSort (0ms)
			DisableScriptedObjects (19ms)
			BackupInstance (0ms)
			ReleaseScriptingObjects (0ms)
			CreateAndSetChildDomain (89ms)
		EndReloadAssembly (9999ms)
			LoadAssemblies (495ms)
			RebuildTransferFunctionScriptingTraits (0ms)
			SetupTypeCache (1224ms)
			ReleaseScriptCaches (12ms)
			RebuildScriptCaches (581ms)
			SetupLoadedEditorAssemblies (6576ms)
				LogAssemblyErrors (0ms)
				InitializePlatformSupportModulesInManaged (77ms)
				SetLoadedEditorAssemblies (8ms)
				RefreshPlugins (2ms)
				BeforeProcessingInitializeOnLoad (1399ms)
				ProcessInitializeOnLoadAttributes (1780ms)
				ProcessInitializeOnLoadMethodAttributes (3217ms)
				AfterProcessingInitializeOnLoad (90ms)
				EditorAssembliesLoaded (2ms)
			ExecutionOrderSort2 (0ms)
			AwakeInstancesAfterBackupRestoration (104ms)
Platform modules already initialized, skipping
Refreshing native plugins compatible for Editor in 2.07 ms, found 13 plugins.
Preloading 1 native plugins for Editor in 0.11 ms.
Unloading 3663 Unused Serialized files (Serialized files now loaded: 0)
System memory in use before: 166.5 MB.
System memory in use after: 165.9 MB.

Unloading 2198 unused Assets to reduce memory usage. Loaded Objects now: 3931.
Total: 98.999400 ms (FindLiveObjects: 4.053100 ms CreateObjectMapping: 3.088000 ms MarkObjects: 50.364500 ms  DeleteObjects: 41.486000 ms)

AssetImportParameters requested are different than current active one (requested -> active):
  custom:framework-win-MediaFoundation: 216162199b28c13a410421893ffa2e32 -> 
  custom:video-decoder-ogg-theora: a1e56fd34408186e4bbccfd4996cb3dc -> 
  custom:container-muxer-webm: aa71ff27fc2769a1b78a27578f13a17b -> 
  custom:container-demuxer-webm: 4f35f7cbe854078d1ac9338744f61a02 -> 
  custom:container-demuxer-ogg: 62fdf1f143b41e24485cea50d1cbac27 -> 
  custom:video-encoder-webm-vp8: eb34c28f22e8b96e1ab97ce403110664 -> 
  custom:video-codec-MediaFoundation-h265: 746d11721c4dcdbdad8f713fa42b33f4 -> 
  custom:video-decoder-webm-vp8: 9c59270c3fd7afecdb556c50c9e8de78 -> 
  custom:audio-decoder-ogg-vorbis: bf7c407c2cedff20999df2af8eb42d56 -> 
  custom:audio-encoder-webm-vorbis: bf7c407c2cedff20999df2af8eb42d56 -> 
========================================================================
Received Prepare
Registering precompiled user dll's ...
Registered in 0.011489 seconds.
Begin MonoManager ReloadAssembly
Native extension for WindowsStandalone target not found
Native extension for WebGL target not found
Refreshing native plugins compatible for Editor in 1.38 ms, found 13 plugins.
Preloading 1 native plugins for Editor in 0.17 ms.
Mono: successfully reloaded assembly
- Completed reload, in  6.692 seconds
Domain Reload Profiling:
	ReloadAssembly (6695ms)
		BeginReloadAssembly (468ms)
			ExecutionOrderSort (0ms)
			DisableScriptedObjects (18ms)
			BackupInstance (0ms)
			ReleaseScriptingObjects (0ms)
			CreateAndSetChildDomain (122ms)
		EndReloadAssembly (6101ms)
			LoadAssemblies (392ms)
			RebuildTransferFunctionScriptingTraits (0ms)
			SetupTypeCache (1140ms)
			ReleaseScriptCaches (2ms)
			RebuildScriptCaches (202ms)
			SetupLoadedEditorAssemblies (3843ms)
				LogAssemblyErrors (0ms)
				InitializePlatformSupportModulesInManaged (20ms)
				SetLoadedEditorAssemblies (1ms)
				RefreshPlugins (2ms)
				BeforeProcessingInitializeOnLoad (493ms)
				ProcessInitializeOnLoadAttributes (1274ms)
				ProcessInitializeOnLoadMethodAttributes (2045ms)
				AfterProcessingInitializeOnLoad (8ms)
				EditorAssembliesLoaded (0ms)
			ExecutionOrderSort2 (0ms)
			AwakeInstancesAfterBackupRestoration (26ms)
Platform modules already initialized, skipping
Refreshing native plugins compatible for Editor in 1.18 ms, found 13 plugins.
Preloading 1 native plugins for Editor in 0.10 ms.
Unloading 3663 Unused Serialized files (Serialized files now loaded: 0)
System memory in use before: 166.5 MB.
System memory in use after: 165.9 MB.

Unloading 2198 unused Assets to reduce memory usage. Loaded Objects now: 3934.
Total: 37.066500 ms (FindLiveObjects: 0.838700 ms CreateObjectMapping: 0.417300 ms MarkObjects: 10.599700 ms  DeleteObjects: 25.205900 ms)

AssetImportParameters requested are different than current active one (requested -> active):
  custom:framework-win-MediaFoundation: 216162199b28c13a410421893ffa2e32 -> 
  custom:video-decoder-ogg-theora: a1e56fd34408186e4bbccfd4996cb3dc -> 
  custom:container-muxer-webm: aa71ff27fc2769a1b78a27578f13a17b -> 
  custom:container-demuxer-webm: 4f35f7cbe854078d1ac9338744f61a02 -> 
  custom:container-demuxer-ogg: 62fdf1f143b41e24485cea50d1cbac27 -> 
  custom:video-encoder-webm-vp8: eb34c28f22e8b96e1ab97ce403110664 -> 
  custom:video-codec-MediaFoundation-h265: 746d11721c4dcdbdad8f713fa42b33f4 -> 
  custom:video-decoder-webm-vp8: 9c59270c3fd7afecdb556c50c9e8de78 -> 
  custom:audio-decoder-ogg-vorbis: bf7c407c2cedff20999df2af8eb42d56 -> 
  custom:audio-encoder-webm-vorbis: bf7c407c2cedff20999df2af8eb42d56 -> 
========================================================================
Received Prepare
Registering precompiled user dll's ...
Registered in 0.136454 seconds.
Begin MonoManager ReloadAssembly
Native extension for WindowsStandalone target not found
Native extension for WebGL target not found
Refreshing native plugins compatible for Editor in 1.06 ms, found 13 plugins.
Preloading 1 native plugins for Editor in 0.12 ms.
Mono: successfully reloaded assembly
- Completed reload, in  7.342 seconds
Domain Reload Profiling:
	ReloadAssembly (7343ms)
		BeginReloadAssembly (180ms)
			ExecutionOrderSort (0ms)
			DisableScriptedObjects (8ms)
			BackupInstance (0ms)
			ReleaseScriptingObjects (0ms)
			CreateAndSetChildDomain (61ms)
		EndReloadAssembly (7073ms)
			LoadAssemblies (153ms)
			RebuildTransferFunctionScriptingTraits (0ms)
			SetupTypeCache (1416ms)
			ReleaseScriptCaches (2ms)
			RebuildScriptCaches (89ms)
			SetupLoadedEditorAssemblies (4592ms)
				LogAssemblyErrors (0ms)
				InitializePlatformSupportModulesInManaged (6ms)
				SetLoadedEditorAssemblies (1ms)
				RefreshPlugins (1ms)
				BeforeProcessingInitializeOnLoad (206ms)
				ProcessInitializeOnLoadAttributes (1554ms)
				ProcessInitializeOnLoadMethodAttributes (2768ms)
				AfterProcessingInitializeOnLoad (54ms)
				EditorAssembliesLoaded (2ms)
			ExecutionOrderSort2 (0ms)
			AwakeInstancesAfterBackupRestoration (59ms)
Platform modules already initialized, skipping
Refreshing native plugins compatible for Editor in 1.96 ms, found 13 plugins.
Preloading 1 native plugins for Editor in 0.11 ms.
Unloading 3663 Unused Serialized files (Serialized files now loaded: 0)
System memory in use before: 166.6 MB.
System memory in use after: 165.9 MB.

Unloading 2198 unused Assets to reduce memory usage. Loaded Objects now: 3937.
Total: 79.001400 ms (FindLiveObjects: 3.660500 ms CreateObjectMapping: 2.770800 ms MarkObjects: 18.386500 ms  DeleteObjects: 54.173500 ms)

AssetImportParameters requested are different than current active one (requested -> active):
  custom:framework-win-MediaFoundation: 216162199b28c13a410421893ffa2e32 -> 
  custom:video-decoder-ogg-theora: a1e56fd34408186e4bbccfd4996cb3dc -> 
  custom:container-muxer-webm: aa71ff27fc2769a1b78a27578f13a17b -> 
  custom:container-demuxer-webm: 4f35f7cbe854078d1ac9338744f61a02 -> 
  custom:container-demuxer-ogg: 62fdf1f143b41e24485cea50d1cbac27 -> 
  custom:video-encoder-webm-vp8: eb34c28f22e8b96e1ab97ce403110664 -> 
  custom:video-codec-MediaFoundation-h265: 746d11721c4dcdbdad8f713fa42b33f4 -> 
  custom:video-decoder-webm-vp8: 9c59270c3fd7afecdb556c50c9e8de78 -> 
  custom:audio-decoder-ogg-vorbis: bf7c407c2cedff20999df2af8eb42d56 -> 
  custom:audio-encoder-webm-vorbis: bf7c407c2cedff20999df2af8eb42d56 -> 
========================================================================
Received Prepare
Registering precompiled user dll's ...
Registered in 0.071787 seconds.
Begin MonoManager ReloadAssembly
Native extension for WindowsStandalone target not found
Native extension for WebGL target not found
Refreshing native plugins compatible for Editor in 8.19 ms, found 13 plugins.
Preloading 1 native plugins for Editor in 0.30 ms.
Mono: successfully reloaded assembly
- Completed reload, in 14.790 seconds
Domain Reload Profiling:
	ReloadAssembly (14795ms)
		BeginReloadAssembly (877ms)
			ExecutionOrderSort (0ms)
			DisableScriptedObjects (34ms)
			BackupInstance (0ms)
			ReleaseScriptingObjects (0ms)
			CreateAndSetChildDomain (350ms)
		EndReloadAssembly (13330ms)
			LoadAssemblies (903ms)
			RebuildTransferFunctionScriptingTraits (0ms)
			SetupTypeCache (2485ms)
			ReleaseScriptCaches (12ms)
			RebuildScriptCaches (546ms)
			SetupLoadedEditorAssemblies (8549ms)
				LogAssemblyErrors (0ms)
				InitializePlatformSupportModulesInManaged (51ms)
				SetLoadedEditorAssemblies (5ms)
				RefreshPlugins (9ms)
				BeforeProcessingInitializeOnLoad (824ms)
				ProcessInitializeOnLoadAttributes (3233ms)
				ProcessInitializeOnLoadMethodAttributes (4380ms)
				AfterProcessingInitializeOnLoad (46ms)
				EditorAssembliesLoaded (1ms)
			ExecutionOrderSort2 (0ms)
			AwakeInstancesAfterBackupRestoration (86ms)
Platform modules already initialized, skipping
Refreshing native plugins compatible for Editor in 10.60 ms, found 13 plugins.
Preloading 1 native plugins for Editor in 6.97 ms.
Unloading 3663 Unused Serialized files (Serialized files now loaded: 0)
System memory in use before: 166.6 MB.
System memory in use after: 166.0 MB.

Unloading 2198 unused Assets to reduce memory usage. Loaded Objects now: 3940.
Total: 64.863900 ms (FindLiveObjects: 9.313900 ms CreateObjectMapping: 2.592000 ms MarkObjects: 21.831300 ms  DeleteObjects: 31.112300 ms)

AssetImportParameters requested are different than current active one (requested -> active):
  custom:framework-win-MediaFoundation: 216162199b28c13a410421893ffa2e32 -> 
  custom:video-decoder-ogg-theora: a1e56fd34408186e4bbccfd4996cb3dc -> 
  custom:container-muxer-webm: aa71ff27fc2769a1b78a27578f13a17b -> 
  custom:container-demuxer-webm: 4f35f7cbe854078d1ac9338744f61a02 -> 
  custom:container-demuxer-ogg: 62fdf1f143b41e24485cea50d1cbac27 -> 
  custom:video-encoder-webm-vp8: eb34c28f22e8b96e1ab97ce403110664 -> 
  custom:video-codec-MediaFoundation-h265: 746d11721c4dcdbdad8f713fa42b33f4 -> 
  custom:video-decoder-webm-vp8: 9c59270c3fd7afecdb556c50c9e8de78 -> 
  custom:audio-decoder-ogg-vorbis: bf7c407c2cedff20999df2af8eb42d56 -> 
  custom:audio-encoder-webm-vorbis: bf7c407c2cedff20999df2af8eb42d56 -> 
========================================================================
Received Prepare
Registering precompiled user dll's ...
Registered in 0.024971 seconds.
Begin MonoManager ReloadAssembly
Native extension for WindowsStandalone target not found
Native extension for WebGL target not found
Refreshing native plugins compatible for Editor in 5.70 ms, found 13 plugins.
Preloading 1 native plugins for Editor in 0.84 ms.
Mono: successfully reloaded assembly
- Completed reload, in 11.789 seconds
Domain Reload Profiling:
	ReloadAssembly (11792ms)
		BeginReloadAssembly (774ms)
			ExecutionOrderSort (0ms)
			DisableScriptedObjects (29ms)
			BackupInstance (0ms)
			ReleaseScriptingObjects (1ms)
			CreateAndSetChildDomain (316ms)
		EndReloadAssembly (10604ms)
			LoadAssemblies (797ms)
			RebuildTransferFunctionScriptingTraits (1ms)
			SetupTypeCache (2265ms)
			ReleaseScriptCaches (13ms)
			RebuildScriptCaches (497ms)
			SetupLoadedEditorAssemblies (6399ms)
				LogAssemblyErrors (0ms)
				InitializePlatformSupportModulesInManaged (53ms)
				SetLoadedEditorAssemblies (3ms)
				RefreshPlugins (7ms)
				BeforeProcessingInitializeOnLoad (762ms)
				ProcessInitializeOnLoadAttributes (3276ms)
				ProcessInitializeOnLoadMethodAttributes (2292ms)
				AfterProcessingInitializeOnLoad (7ms)
				EditorAssembliesLoaded (0ms)
			ExecutionOrderSort2 (0ms)
			AwakeInstancesAfterBackupRestoration (12ms)
Platform modules already initialized, skipping
Refreshing native plugins compatible for Editor in 1.13 ms, found 13 plugins.
Preloading 1 native plugins for Editor in 0.08 ms.
Unloading 3663 Unused Serialized files (Serialized files now loaded: 0)
System memory in use before: 166.6 MB.
System memory in use after: 166.0 MB.

Unloading 2198 unused Assets to reduce memory usage. Loaded Objects now: 3943.
Total: 13.971000 ms (FindLiveObjects: 1.509300 ms CreateObjectMapping: 0.541200 ms MarkObjects: 5.649900 ms  DeleteObjects: 6.248200 ms)

AssetImportParameters requested are different than current active one (requested -> active):
  custom:framework-win-MediaFoundation: 216162199b28c13a410421893ffa2e32 -> 
  custom:video-decoder-ogg-theora: a1e56fd34408186e4bbccfd4996cb3dc -> 
  custom:container-muxer-webm: aa71ff27fc2769a1b78a27578f13a17b -> 
  custom:container-demuxer-webm: 4f35f7cbe854078d1ac9338744f61a02 -> 
  custom:container-demuxer-ogg: 62fdf1f143b41e24485cea50d1cbac27 -> 
  custom:video-encoder-webm-vp8: eb34c28f22e8b96e1ab97ce403110664 -> 
  custom:video-codec-MediaFoundation-h265: 746d11721c4dcdbdad8f713fa42b33f4 -> 
  custom:video-decoder-webm-vp8: 9c59270c3fd7afecdb556c50c9e8de78 -> 
  custom:audio-decoder-ogg-vorbis: bf7c407c2cedff20999df2af8eb42d56 -> 
  custom:audio-encoder-webm-vorbis: bf7c407c2cedff20999df2af8eb42d56 -> 
========================================================================
Received Prepare
Registering precompiled user dll's ...
Registered in 0.011217 seconds.
Begin MonoManager ReloadAssembly
Native extension for WindowsStandalone target not found
Native extension for WebGL target not found
Refreshing native plugins compatible for Editor in 1.22 ms, found 13 plugins.
Preloading 1 native plugins for Editor in 0.10 ms.
Mono: successfully reloaded assembly
- Completed reload, in  6.302 seconds
Domain Reload Profiling:
	ReloadAssembly (6305ms)
		BeginReloadAssembly (843ms)
			ExecutionOrderSort (0ms)
			DisableScriptedObjects (35ms)
			BackupInstance (0ms)
			ReleaseScriptingObjects (1ms)
			CreateAndSetChildDomain (312ms)
		EndReloadAssembly (5063ms)
			LoadAssemblies (797ms)
			RebuildTransferFunctionScriptingTraits (0ms)
			SetupTypeCache (2196ms)
			ReleaseScriptCaches (12ms)
			RebuildScriptCaches (471ms)
			SetupLoadedEditorAssemblies (1299ms)
				LogAssemblyErrors (0ms)
				InitializePlatformSupportModulesInManaged (7ms)
				SetLoadedEditorAssemblies (1ms)
				RefreshPlugins (1ms)
				BeforeProcessingInitializeOnLoad (130ms)
				ProcessInitializeOnLoadAttributes (496ms)
				ProcessInitializeOnLoadMethodAttributes (659ms)
				AfterProcessingInitializeOnLoad (7ms)
				EditorAssembliesLoaded (0ms)
			ExecutionOrderSort2 (0ms)
			AwakeInstancesAfterBackupRestoration (11ms)
Platform modules already initialized, skipping
Refreshing native plugins compatible for Editor in 0.98 ms, found 13 plugins.
Preloading 1 native plugins for Editor in 0.08 ms.
Unloading 3663 Unused Serialized files (Serialized files now loaded: 0)
System memory in use before: 166.6 MB.
System memory in use after: 166.0 MB.

Unloading 2198 unused Assets to reduce memory usage. Loaded Objects now: 3946.
Total: 9.611100 ms (FindLiveObjects: 0.551700 ms CreateObjectMapping: 0.269200 ms MarkObjects: 3.557700 ms  DeleteObjects: 5.230800 ms)

AssetImportParameters requested are different than current active one (requested -> active):
  custom:framework-win-MediaFoundation: 216162199b28c13a410421893ffa2e32 -> 
  custom:video-decoder-ogg-theora: a1e56fd34408186e4bbccfd4996cb3dc -> 
  custom:container-muxer-webm: aa71ff27fc2769a1b78a27578f13a17b -> 
  custom:container-demuxer-webm: 4f35f7cbe854078d1ac9338744f61a02 -> 
  custom:container-demuxer-ogg: 62fdf1f143b41e24485cea50d1cbac27 -> 
  custom:video-encoder-webm-vp8: eb34c28f22e8b96e1ab97ce403110664 -> 
  custom:video-codec-MediaFoundation-h265: 746d11721c4dcdbdad8f713fa42b33f4 -> 
  custom:video-decoder-webm-vp8: 9c59270c3fd7afecdb556c50c9e8de78 -> 
  custom:audio-decoder-ogg-vorbis: bf7c407c2cedff20999df2af8eb42d56 -> 
  custom:audio-encoder-webm-vorbis: bf7c407c2cedff20999df2af8eb42d56 -> 
========================================================================
Received Prepare
Registering precompiled user dll's ...
Registered in 0.044108 seconds.
Begin MonoManager ReloadAssembly
Native extension for WindowsStandalone target not found
Native extension for WebGL target not found
Refreshing native plugins compatible for Editor in 4.40 ms, found 13 plugins.
Preloading 1 native plugins for Editor in 1.06 ms.
Mono: successfully reloaded assembly
- Completed reload, in 10.455 seconds
Domain Reload Profiling:
	ReloadAssembly (10460ms)
		BeginReloadAssembly (805ms)
			ExecutionOrderSort (0ms)
			DisableScriptedObjects (39ms)
			BackupInstance (0ms)
			ReleaseScriptingObjects (4ms)
			CreateAndSetChildDomain (284ms)
		EndReloadAssembly (9150ms)
			LoadAssemblies (933ms)
			RebuildTransferFunctionScriptingTraits (0ms)
			SetupTypeCache (2320ms)
			ReleaseScriptCaches (21ms)
			RebuildScriptCaches (525ms)
			SetupLoadedEditorAssemblies (4501ms)
				LogAssemblyErrors (0ms)
				InitializePlatformSupportModulesInManaged (36ms)
				SetLoadedEditorAssemblies (4ms)
				RefreshPlugins (6ms)
				BeforeProcessingInitializeOnLoad (783ms)
				ProcessInitializeOnLoadAttributes (927ms)
				ProcessInitializeOnLoadMethodAttributes (2678ms)
				AfterProcessingInitializeOnLoad (65ms)
				EditorAssembliesLoaded (0ms)
			ExecutionOrderSort2 (0ms)
			AwakeInstancesAfterBackupRestoration (43ms)
Platform modules already initialized, skipping
Refreshing native plugins compatible for Editor in 1.74 ms, found 13 plugins.
Preloading 1 native plugins for Editor in 0.17 ms.
Unloading 3663 Unused Serialized files (Serialized files now loaded: 0)
System memory in use before: 166.7 MB.
System memory in use after: 166.1 MB.

Unloading 2198 unused Assets to reduce memory usage. Loaded Objects now: 3949.
Total: 12.411100 ms (FindLiveObjects: 1.149800 ms CreateObjectMapping: 0.663500 ms MarkObjects: 4.960700 ms  DeleteObjects: 5.634700 ms)

AssetImportParameters requested are different than current active one (requested -> active):
  custom:framework-win-MediaFoundation: 216162199b28c13a410421893ffa2e32 -> 
  custom:video-decoder-ogg-theora: a1e56fd34408186e4bbccfd4996cb3dc -> 
  custom:container-muxer-webm: aa71ff27fc2769a1b78a27578f13a17b -> 
  custom:container-demuxer-webm: 4f35f7cbe854078d1ac9338744f61a02 -> 
  custom:container-demuxer-ogg: 62fdf1f143b41e24485cea50d1cbac27 -> 
  custom:video-encoder-webm-vp8: eb34c28f22e8b96e1ab97ce403110664 -> 
  custom:video-codec-MediaFoundation-h265: 746d11721c4dcdbdad8f713fa42b33f4 -> 
  custom:video-decoder-webm-vp8: 9c59270c3fd7afecdb556c50c9e8de78 -> 
  custom:audio-decoder-ogg-vorbis: bf7c407c2cedff20999df2af8eb42d56 -> 
  custom:audio-encoder-webm-vorbis: bf7c407c2cedff20999df2af8eb42d56 -> 
========================================================================
Received Import Request.
  Time since last request: 15158.566148 seconds.
  path: Assets/MRTK/SDK/Features/UX/Interactable/Themes/HolographicButtonBackPlateToggleSelected.asset
  artifactKey: Guid(29b20ecfcc16eef4dad8989c360f2988) Importer(815301076,1909f56bfc062723c751e8b465ee728b)
Start importing Assets/MRTK/SDK/Features/UX/Interactable/Themes/HolographicButtonBackPlateToggleSelected.asset using Guid(29b20ecfcc16eef4dad8989c360f2988) Importer(815301076,1909f56bfc062723c751e8b465ee728b)  -> (artifact id: '45f5cbfbb33c4504f419ad81c5f93a4e') in 0.157035 seconds 
  Import took 0.184401 seconds .

========================================================================
Received Import Request.
  Time since last request: 0.001333 seconds.
  path: Assets/MRTK/SDK/Features/UX/Interactable/Themes/PianoKeyThemeWhite.asset
  artifactKey: Guid(8fe475415fe219d47bdec7a38a88d916) Importer(815301076,1909f56bfc062723c751e8b465ee728b)
Start importing Assets/MRTK/SDK/Features/UX/Interactable/Themes/PianoKeyThemeWhite.asset using Guid(8fe475415fe219d47bdec7a38a88d916) Importer(815301076,1909f56bfc062723c751e8b465ee728b)  -> (artifact id: 'b5086a77ee638f94845a12270238b925') in 0.052900 seconds 
  Import took 0.108675 seconds .

========================================================================
Received Import Request.
  Time since last request: 0.000601 seconds.
  path: Assets/MRTK/SDK/Features/UX/Interactable/Themes/HolographicButtonFrontPlateThick.asset
  artifactKey: Guid(bb190ed70543b6d488ccc57101c49231) Importer(815301076,1909f56bfc062723c751e8b465ee728b)
Start importing Assets/MRTK/SDK/Features/UX/Interactable/Themes/HolographicButtonFrontPlateThick.asset using Guid(bb190ed70543b6d488ccc57101c49231) Importer(815301076,1909f56bfc062723c751e8b465ee728b)  -> (artifact id: '7055a86efe0f5e43588696a83890d5eb') in 0.054521 seconds 
  Import took 0.088099 seconds .

========================================================================
Received Import Request.
  Time since last request: 0.000331 seconds.
  path: Assets/MRTK/SDK/Features/UX/Interactable/Themes/HolographicButtonFrontPlate.asset
  artifactKey: Guid(cbde7890146c3024d928b7afc2e16065) Importer(815301076,1909f56bfc062723c751e8b465ee728b)
Start importing Assets/MRTK/SDK/Features/UX/Interactable/Themes/HolographicButtonFrontPlate.asset using Guid(cbde7890146c3024d928b7afc2e16065) Importer(815301076,1909f56bfc062723c751e8b465ee728b)  -> (artifact id: '49d2fc42e64638e9d91c41b3a35fc8de') in 0.074888 seconds 
  Import took 0.094247 seconds .

========================================================================
Received Import Request.
  Time since last request: 0.001464 seconds.
  path: Assets/MRTK/SDK/Features/UX/Interactable/Themes/HolographicButtonSeeItSayItLabel-Simple.asset
  artifactKey: Guid(6a4ada4b285469047946e8662531da54) Importer(815301076,1909f56bfc062723c751e8b465ee728b)
Start importing Assets/MRTK/SDK/Features/UX/Interactable/Themes/HolographicButtonSeeItSayItLabel-Simple.asset using Guid(6a4ada4b285469047946e8662531da54) Importer(815301076,1909f56bfc062723c751e8b465ee728b)  -> (artifact id: '67ec5ddb949f37faaca47f7d66d2d28d') in 0.061386 seconds 
  Import took 0.109757 seconds .

========================================================================
Received Import Request.
  Time since last request: 0.000272 seconds.
  path: Assets/MRTK/SDK/Features/UX/Interactable/Themes/PianoKeyThemeBlack.asset
  artifactKey: Guid(b90fb55d87f02284692d35afe63695d5) Importer(815301076,1909f56bfc062723c751e8b465ee728b)
Start importing Assets/MRTK/SDK/Features/UX/Interactable/Themes/PianoKeyThemeBlack.asset using Guid(b90fb55d87f02284692d35afe63695d5) Importer(815301076,1909f56bfc062723c751e8b465ee728b)  -> (artifact id: '045a828d35e4f087153f51c288771d82') in 0.079799 seconds 
  Import took 0.127716 seconds .

========================================================================
Received Import Request.
  Time since last request: 0.004591 seconds.
  path: Assets/MRTK/SDK/Features/UX/Interactable/Themes/Model_IcosaTheme.asset
  artifactKey: Guid(e450e5bf251b5e641a3cc9e6d1022531) Importer(815301076,1909f56bfc062723c751e8b465ee728b)
Start importing Assets/MRTK/SDK/Features/UX/Interactable/Themes/Model_IcosaTheme.asset using Guid(e450e5bf251b5e641a3cc9e6d1022531) Importer(815301076,1909f56bfc062723c751e8b465ee728b)  -> (artifact id: '13f17c1db73dc9e78862c34bc29fd840') in 0.059459 seconds 
  Import took 0.105610 seconds .

========================================================================
Received Import Request.
  Time since last request: 0.001206 seconds.
  path: Assets/MRTK/SDK/Features/UX/Interactable/Themes/HolographicButtonSeeItSayItLabel.asset
  artifactKey: Guid(0c4c73f326f602744bdcfff481fd6f20) Importer(815301076,1909f56bfc062723c751e8b465ee728b)
Start importing Assets/MRTK/SDK/Features/UX/Interactable/Themes/HolographicButtonSeeItSayItLabel.asset using Guid(0c4c73f326f602744bdcfff481fd6f20) Importer(815301076,1909f56bfc062723c751e8b465ee728b)  -> (artifact id: '4323241aefb4e6f22b65422aac845d7f') in 0.021970 seconds 
  Import took 0.077886 seconds .

========================================================================
Received Import Request.
  Time since last request: 0.001301 seconds.
  path: Assets/MRTK/SDK/Features/UX/Interactable/Themes/Model_BuckyTheme.asset
  artifactKey: Guid(fac50a31c0d7baa438665cd4892903c0) Importer(815301076,1909f56bfc062723c751e8b465ee728b)
Start importing Assets/MRTK/SDK/Features/UX/Interactable/Themes/Model_BuckyTheme.asset using Guid(fac50a31c0d7baa438665cd4892903c0) Importer(815301076,1909f56bfc062723c751e8b465ee728b)  -> (artifact id: '0e6139388f434e02380ff41c0d69c660') in 0.102114 seconds 
  Import took 0.164644 seconds .

========================================================================
Received Import Request.
  Time since last request: 1.878808 seconds.
  path: Assets/MRTK/SDK/Features/UX/Interactable/Themes/PressableButtonCubeTheme.asset
  artifactKey: Guid(2dde7ed03513b9a4e841226cf9dfc33d) Importer(815301076,1909f56bfc062723c751e8b465ee728b)
Start importing Assets/MRTK/SDK/Features/UX/Interactable/Themes/PressableButtonCubeTheme.asset using Guid(2dde7ed03513b9a4e841226cf9dfc33d) Importer(815301076,1909f56bfc062723c751e8b465ee728b)  -> (artifact id: '22794075cac18e9738a9a8e1af7b334f') in 0.071707 seconds 
  Import took 0.101738 seconds .

========================================================================
Received Import Request.
  Time since last request: 0.000366 seconds.
  path: Assets/MRTK/SDK/Features/UX/Interactable/Themes/PressableButtonFrontPlate.asset
  artifactKey: Guid(8f8cfb3041153fa45bccb6d664a563ec) Importer(815301076,1909f56bfc062723c751e8b465ee728b)
Start importing Assets/MRTK/SDK/Features/UX/Interactable/Themes/PressableButtonFrontPlate.asset using Guid(8f8cfb3041153fa45bccb6d664a563ec) Importer(815301076,1909f56bfc062723c751e8b465ee728b)  -> (artifact id: '55f3a151a08530c7c2d672a34c81485e') in 0.055916 seconds 
  Import took 0.097055 seconds .

========================================================================
Received Import Request.
  Time since last request: 0.001337 seconds.
  path: Assets/MRTK/SDK/Features/UX/Interactable/Themes/PressableButtonFrontPlatePressed.asset
  artifactKey: Guid(c205db0aa6444264c9d9859fd7337670) Importer(815301076,1909f56bfc062723c751e8b465ee728b)
Start importing Assets/MRTK/SDK/Features/UX/Interactable/Themes/PressableButtonFrontPlatePressed.asset using Guid(c205db0aa6444264c9d9859fd7337670) Importer(815301076,1909f56bfc062723c751e8b465ee728b)  -> (artifact id: '4b21e54d9beae5381d2b711dab6f3e0b') in 0.068944 seconds 
  Import took 0.087039 seconds .

========================================================================
Received Import Request.
  Time since last request: 0.001754 seconds.
  path: Assets/MRTK/SDK/Features/UX/Interactable/Themes/PressableButtonIcon.asset
  artifactKey: Guid(087b16002c2b0b445baa3ed3beae44a9) Importer(815301076,1909f56bfc062723c751e8b465ee728b)
Start importing Assets/MRTK/SDK/Features/UX/Interactable/Themes/PressableButtonIcon.asset using Guid(087b16002c2b0b445baa3ed3beae44a9) Importer(815301076,1909f56bfc062723c751e8b465ee728b)  -> (artifact id: '3fbf17ec772eebc27e0d8fe368873f7f') in 0.013912 seconds 
  Import took 0.035944 seconds .

========================================================================
Received Import Request.
  Time since last request: 0.120634 seconds.
  path: Assets/MRTK/SDK/Features/UX/Interactable/Themes/PressableButtonToggleStateOn.asset
  artifactKey: Guid(c020ebf06513a084caa57aa68a245a6b) Importer(815301076,1909f56bfc062723c751e8b465ee728b)
Start importing Assets/MRTK/SDK/Features/UX/Interactable/Themes/PressableButtonToggleStateOn.asset using Guid(c020ebf06513a084caa57aa68a245a6b) Importer(815301076,1909f56bfc062723c751e8b465ee728b)  -> (artifact id: '7d6d8123667423f2af26e61e214b3a2c') in 0.026464 seconds 
  Import took 0.078317 seconds .

========================================================================
Received Import Request.
  Time since last request: 0.001389 seconds.
  path: Assets/MRTK/SDK/Features/UX/Interactable/Themes/ToggleIconSelected.asset
  artifactKey: Guid(dae413b1fffbbf841ae1176deb55d3c0) Importer(815301076,1909f56bfc062723c751e8b465ee728b)
Start importing Assets/MRTK/SDK/Features/UX/Interactable/Themes/ToggleIconSelected.asset using Guid(dae413b1fffbbf841ae1176deb55d3c0) Importer(815301076,1909f56bfc062723c751e8b465ee728b)  -> (artifact id: '7580dee81d740280372af1eb883b08a0') in 0.029982 seconds 
  Import took 0.055493 seconds .

========================================================================
Received Import Request.
  Time since last request: 0.000262 seconds.
  path: Assets/MRTK/SDK/Features/UX/Interactable/Themes/TextureTheme.asset
  artifactKey: Guid(10c315df64dc56e44bd2e3c8949e08fa) Importer(815301076,1909f56bfc062723c751e8b465ee728b)
Start importing Assets/MRTK/SDK/Features/UX/Interactable/Themes/TextureTheme.asset using Guid(10c315df64dc56e44bd2e3c8949e08fa) Importer(815301076,1909f56bfc062723c751e8b465ee728b)  -> (artifact id: 'c8ac36929a6c672551600c0a771542ec') in 0.085388 seconds 
  Import took 0.127843 seconds .

========================================================================
Received Import Request.
  Time since last request: 0.001416 seconds.
  path: Assets/MRTK/SDK/Features/UX/Interactable/Themes/ToggleDotSelected.asset
  artifactKey: Guid(69ccbccdd82ebc34283000ef061eab28) Importer(815301076,1909f56bfc062723c751e8b465ee728b)
Start importing Assets/MRTK/SDK/Features/UX/Interactable/Themes/ToggleDotSelected.asset using Guid(69ccbccdd82ebc34283000ef061eab28) Importer(815301076,1909f56bfc062723c751e8b465ee728b)  -> (artifact id: '3cc74f7c82633502f6f487207326cfa2') in 0.045154 seconds 
  Import took 0.073363 seconds .

========================================================================
Received Import Request.
  Time since last request: 0.001326 seconds.
  path: Assets/MRTK/SDK/Features/UX/Interactable/Themes/PressableRoundButtonColor.asset
  artifactKey: Guid(bf681c4b08de9824785c11ccf5a83258) Importer(815301076,1909f56bfc062723c751e8b465ee728b)
Start importing Assets/MRTK/SDK/Features/UX/Interactable/Themes/PressableRoundButtonColor.asset using Guid(bf681c4b08de9824785c11ccf5a83258) Importer(815301076,1909f56bfc062723c751e8b465ee728b)  -> (artifact id: '9a30c7f58a0062fe2c89f6c019095c71') in 0.069753 seconds 
  Import took 0.119050 seconds .

========================================================================
Received Import Request.
  Time since last request: 0.001272 seconds.
  path: Assets/MRTK/SDK/Features/UX/Interactable/Themes/ToggleBackgroundSelected.asset
  artifactKey: Guid(25fd4afc60b411a4899da8c48e287906) Importer(815301076,1909f56bfc062723c751e8b465ee728b)
Start importing Assets/MRTK/SDK/Features/UX/Interactable/Themes/ToggleBackgroundSelected.asset using Guid(25fd4afc60b411a4899da8c48e287906) Importer(815301076,1909f56bfc062723c751e8b465ee728b)  -> (artifact id: '48e94a428ebdfe85871f5dafc2b361dd') in 0.035696 seconds 
  Import took 0.060353 seconds .

========================================================================
Received Import Request.
  Time since last request: 0.000396 seconds.
  path: Assets/MRTK/SDK/Features/UX/Interactable/Themes/ToggleButtonSelected.asset
  artifactKey: Guid(cb5abaa7279811d409e5bac06ad02a1f) Importer(815301076,1909f56bfc062723c751e8b465ee728b)
Start importing Assets/MRTK/SDK/Features/UX/Interactable/Themes/ToggleButtonSelected.asset using Guid(cb5abaa7279811d409e5bac06ad02a1f) Importer(815301076,1909f56bfc062723c751e8b465ee728b)  -> (artifact id: '277f3c4e94a50fced0e8f3c9badc2057') in 0.100496 seconds 
  Import took 0.134512 seconds .

========================================================================
Received Import Request.
  Time since last request: 0.001224 seconds.
  path: Assets/MRTK/SDK/Features/UX/Interactable/Themes/ToggleIcon.asset
  artifactKey: Guid(c5fe122d2d821434894bbf06f71057d3) Importer(815301076,1909f56bfc062723c751e8b465ee728b)
Start importing Assets/MRTK/SDK/Features/UX/Interactable/Themes/ToggleIcon.asset using Guid(c5fe122d2d821434894bbf06f71057d3) Importer(815301076,1909f56bfc062723c751e8b465ee728b)  -> (artifact id: '70d32d24136c6f055a483bb1624cae3d') in 0.054143 seconds 
  Import took 0.106287 seconds .

========================================================================
Received Import Request.
  Time since last request: 0.001956 seconds.
  path: Assets/MRTK/SDK/Features/UX/Interactable/Themes/ToggleLabel.asset
  artifactKey: Guid(0eea8a8be0e42494083a2dc52fab717f) Importer(815301076,1909f56bfc062723c751e8b465ee728b)
Start importing Assets/MRTK/SDK/Features/UX/Interactable/Themes/ToggleLabel.asset using Guid(0eea8a8be0e42494083a2dc52fab717f) Importer(815301076,1909f56bfc062723c751e8b465ee728b)  -> (artifact id: 'ad513b1356982aa566d7cfbc5ffb6484') in 0.087543 seconds 
  Import took 0.111758 seconds .

========================================================================
Received Import Request.
  Time since last request: 0.001211 seconds.
  path: Assets/MRTK/SDK/Features/UX/Interactable/Themes/ToggleLabelSelected.asset
  artifactKey: Guid(077f50c510dd803449e2247b7fbe3122) Importer(815301076,1909f56bfc062723c751e8b465ee728b)
Start importing Assets/MRTK/SDK/Features/UX/Interactable/Themes/ToggleLabelSelected.asset using Guid(077f50c510dd803449e2247b7fbe3122) Importer(815301076,1909f56bfc062723c751e8b465ee728b)  -> (artifact id: '772e633bb7fd20d4e749db2fce009b50') in 0.030998 seconds 
  Import took 0.077036 seconds .

========================================================================
Received Import Request.
  Time since last request: 0.001219 seconds.
  path: Assets/MRTK/SDK/Features/UX/Interactable/Themes/PressableRoundButton.asset
  artifactKey: Guid(fafd33873016a904cab1fb15124d85e5) Importer(815301076,1909f56bfc062723c751e8b465ee728b)
Start importing Assets/MRTK/SDK/Features/UX/Interactable/Themes/PressableRoundButton.asset using Guid(fafd33873016a904cab1fb15124d85e5) Importer(815301076,1909f56bfc062723c751e8b465ee728b)  -> (artifact id: '5be985ddd60cdab4e1303cee75820a90') in 0.067697 seconds 
  Import took 0.090384 seconds .

========================================================================
Received Import Request.
  Time since last request: 0.001108 seconds.
  path: Assets/MRTK/SDK/Features/UX/Interactable/Themes/ToggleDot.asset
  artifactKey: Guid(02c718b28bedf814ea16dd51767befc6) Importer(815301076,1909f56bfc062723c751e8b465ee728b)
Start importing Assets/MRTK/SDK/Features/UX/Interactable/Themes/ToggleDot.asset using Guid(02c718b28bedf814ea16dd51767befc6) Importer(815301076,1909f56bfc062723c751e8b465ee728b)  -> (artifact id: '129507d527b53458cee9eca82c3b9507') in 0.008524 seconds 
  Import took 0.016594 seconds .

========================================================================
Received Import Request.
  Time since last request: 0.000317 seconds.
  path: Assets/MRTK/SDK/Features/UX/Interactable/Themes/ToggleButton.asset
  artifactKey: Guid(6c08928bdf950d54390c1346d23d422b) Importer(815301076,1909f56bfc062723c751e8b465ee728b)
Start importing Assets/MRTK/SDK/Features/UX/Interactable/Themes/ToggleButton.asset using Guid(6c08928bdf950d54390c1346d23d422b) Importer(815301076,1909f56bfc062723c751e8b465ee728b)  -> (artifact id: 'f1008681a215f574118dbdc6bae71b50') in 0.043238 seconds 
  Import took 0.075246 seconds .

========================================================================
Received Import Request.
  Time since last request: 0.001226 seconds.
  path: Assets/MRTK/SDK/Features/UX/Interactable/Themes/ToggleBackground.asset
  artifactKey: Guid(5753d89c205814542ba3fef191dc4682) Importer(815301076,1909f56bfc062723c751e8b465ee728b)
Start importing Assets/MRTK/SDK/Features/UX/Interactable/Themes/ToggleBackground.asset using Guid(5753d89c205814542ba3fef191dc4682) Importer(815301076,1909f56bfc062723c751e8b465ee728b)  -> (artifact id: '4c84b65360a052069c113d4f231daa77') in 0.049375 seconds 
  Import took 0.096973 seconds .

========================================================================
Received Prepare
Registering precompiled user dll's ...
Registered in 0.034557 seconds.
Begin MonoManager ReloadAssembly
Native extension for WindowsStandalone target not found
Native extension for WebGL target not found
Refreshing native plugins compatible for Editor in 1.12 ms, found 13 plugins.
Preloading 1 native plugins for Editor in 0.13 ms.
Mono: successfully reloaded assembly
- Completed reload, in  7.055 seconds
Domain Reload Profiling:
	ReloadAssembly (7057ms)
		BeginReloadAssembly (748ms)
			ExecutionOrderSort (0ms)
			DisableScriptedObjects (26ms)
			BackupInstance (0ms)
			ReleaseScriptingObjects (1ms)
			CreateAndSetChildDomain (318ms)
		EndReloadAssembly (6102ms)
			LoadAssemblies (452ms)
			RebuildTransferFunctionScriptingTraits (0ms)
			SetupTypeCache (400ms)
			ReleaseScriptCaches (3ms)
			RebuildScriptCaches (88ms)
			SetupLoadedEditorAssemblies (4856ms)
				LogAssemblyErrors (0ms)
				InitializePlatformSupportModulesInManaged (43ms)
				SetLoadedEditorAssemblies (1ms)
				RefreshPlugins (1ms)
				BeforeProcessingInitializeOnLoad (607ms)
				ProcessInitializeOnLoadAttributes (1815ms)
				ProcessInitializeOnLoadMethodAttributes (2382ms)
				AfterProcessingInitializeOnLoad (6ms)
				EditorAssembliesLoaded (0ms)
			ExecutionOrderSort2 (0ms)
			AwakeInstancesAfterBackupRestoration (10ms)
Platform modules already initialized, skipping
Refreshing native plugins compatible for Editor in 1.08 ms, found 13 plugins.
Preloading 1 native plugins for Editor in 0.10 ms.
Unloading 3663 Unused Serialized files (Serialized files now loaded: 0)
System memory in use before: 166.7 MB.
System memory in use after: 166.1 MB.

Unloading 2198 unused Assets to reduce memory usage. Loaded Objects now: 3952.
Total: 10.681600 ms (FindLiveObjects: 0.621700 ms CreateObjectMapping: 0.328500 ms MarkObjects: 5.057600 ms  DeleteObjects: 4.672200 ms)

AssetImportParameters requested are different than current active one (requested -> active):
  custom:framework-win-MediaFoundation: 216162199b28c13a410421893ffa2e32 -> 
  custom:video-decoder-ogg-theora: a1e56fd34408186e4bbccfd4996cb3dc -> 
  custom:container-muxer-webm: aa71ff27fc2769a1b78a27578f13a17b -> 
  custom:container-demuxer-webm: 4f35f7cbe854078d1ac9338744f61a02 -> 
  custom:container-demuxer-ogg: 62fdf1f143b41e24485cea50d1cbac27 -> 
  custom:video-encoder-webm-vp8: eb34c28f22e8b96e1ab97ce403110664 -> 
  custom:video-codec-MediaFoundation-h265: 746d11721c4dcdbdad8f713fa42b33f4 -> 
  custom:video-decoder-webm-vp8: 9c59270c3fd7afecdb556c50c9e8de78 -> 
  custom:audio-decoder-ogg-vorbis: bf7c407c2cedff20999df2af8eb42d56 -> 
  custom:audio-encoder-webm-vorbis: bf7c407c2cedff20999df2af8eb42d56 -> 
========================================================================
Received Prepare
Registering precompiled user dll's ...
Registered in 0.010180 seconds.
Begin MonoManager ReloadAssembly
Native extension for WindowsStandalone target not found
Native extension for WebGL target not found
Refreshing native plugins compatible for Editor in 6.20 ms, found 13 plugins.
Preloading 1 native plugins for Editor in 0.59 ms.
Mono: successfully reloaded assembly
- Completed reload, in  9.413 seconds
Domain Reload Profiling:
	ReloadAssembly (9415ms)
		BeginReloadAssembly (815ms)
			ExecutionOrderSort (0ms)
			DisableScriptedObjects (27ms)
			BackupInstance (0ms)
			ReleaseScriptingObjects (1ms)
			CreateAndSetChildDomain (305ms)
		EndReloadAssembly (8218ms)
			LoadAssemblies (815ms)
			RebuildTransferFunctionScriptingTraits (0ms)
			SetupTypeCache (2988ms)
			ReleaseScriptCaches (12ms)
			RebuildScriptCaches (468ms)
			SetupLoadedEditorAssemblies (3302ms)
				LogAssemblyErrors (0ms)
				InitializePlatformSupportModulesInManaged (38ms)
				SetLoadedEditorAssemblies (4ms)
				RefreshPlugins (7ms)
				BeforeProcessingInitializeOnLoad (771ms)
				ProcessInitializeOnLoadAttributes (1667ms)
				ProcessInitializeOnLoadMethodAttributes (806ms)
				AfterProcessingInitializeOnLoad (8ms)
				EditorAssembliesLoaded (0ms)
			ExecutionOrderSort2 (0ms)
			AwakeInstancesAfterBackupRestoration (14ms)
Platform modules already initialized, skipping
Refreshing native plugins compatible for Editor in 1.70 ms, found 13 plugins.
Preloading 1 native plugins for Editor in 0.14 ms.
Unloading 3663 Unused Serialized files (Serialized files now loaded: 0)
System memory in use before: 166.7 MB.
System memory in use after: 166.1 MB.

Unloading 2198 unused Assets to reduce memory usage. Loaded Objects now: 3955.
Total: 10.947700 ms (FindLiveObjects: 0.707200 ms CreateObjectMapping: 0.350600 ms MarkObjects: 4.378200 ms  DeleteObjects: 5.510200 ms)

AssetImportParameters requested are different than current active one (requested -> active):
  custom:framework-win-MediaFoundation: 216162199b28c13a410421893ffa2e32 -> 
  custom:video-decoder-ogg-theora: a1e56fd34408186e4bbccfd4996cb3dc -> 
  custom:container-muxer-webm: aa71ff27fc2769a1b78a27578f13a17b -> 
  custom:container-demuxer-webm: 4f35f7cbe854078d1ac9338744f61a02 -> 
  custom:container-demuxer-ogg: 62fdf1f143b41e24485cea50d1cbac27 -> 
  custom:video-encoder-webm-vp8: eb34c28f22e8b96e1ab97ce403110664 -> 
  custom:video-codec-MediaFoundation-h265: 746d11721c4dcdbdad8f713fa42b33f4 -> 
  custom:video-decoder-webm-vp8: 9c59270c3fd7afecdb556c50c9e8de78 -> 
  custom:audio-decoder-ogg-vorbis: bf7c407c2cedff20999df2af8eb42d56 -> 
  custom:audio-encoder-webm-vorbis: bf7c407c2cedff20999df2af8eb42d56 -> 
AssetImportWorkerClient::OnTransportError - code=2 error=End of file
